<?xml version="1.0" encoding="UTF-8"?>
<!-- Generated by org.testng.reporters.JUnitXMLReporter -->
<testsuite ignored="0" hostname="Mahe" failures="0" tests="4" name="Default test" time="41.339" errors="0" timestamp="2025-05-02T17:16:52 IST">
  <testcase classname="Data.DataTyping" name="getTyping" time="2.243"/>
  <testcase classname="Data.DataTyping" name="getTyping" time="2.676"/>
  <testcase classname="Data.DataTyping" name="getTyping" time="2.685"/>
  <testcase classname="Data.DataTyping" name="getTyping" time="2.245"/>
</testsuite> <!-- Default test -->
