<?xml version="1.0" encoding="UTF-8"?>
<!-- Generated by org.testng.reporters.JUnitXMLReporter -->
<testsuite ignored="0" hostname="Mahe" failures="0" tests="4" name="Default test" time="40.93" errors="0" timestamp="2025-04-29T09:03:48 IST">
  <testcase classname="Data.DataTyping" name="getTyping" time="2.215"/>
  <testcase classname="Data.DataTyping" name="getTyping" time="2.701"/>
  <testcase classname="Data.DataTyping" name="getTyping" time="2.237"/>
  <testcase classname="Data.DataTyping" name="getTyping" time="2.29"/>
</testsuite> <!-- Default test -->
