<?xml version="1.0" encoding="UTF-8"?>
<!-- Generated by org.testng.reporters.JUnitXMLReporter -->
<testsuite ignored="1" hostname="Mahe" failures="0" tests="5" name="Test" time="60.064" errors="0" timestamp="2025-05-03T10:02:45 IST">
  <testcase classname="Data.DataTyping" name="getTyping" time="2.459"/>
  <testcase classname="Data.DataTyping" name="getTyping" time="2.844"/>
  <testcase classname="Data.DataTyping" name="getTyping" time="2.851"/>
  <testcase classname="Data.DataTyping" name="getTyping" time="2.707"/>
  <testcase classname="Data.DataTypingExcel" name="getTyping" time="4.791"/>
  <testcase classname="Data.DataTypes" name="@BeforeTest getdata" time="0.0">
    <ignored/>
  </testcase> <!-- @BeforeTest getdata -->
</testsuite> <!-- Test -->
