<?xml version="1.0" encoding="UTF-8"?>
<testng-results ignored="0" total="5" passed="5" failed="0" skipped="0">
  <reporter-output>
  </reporter-output>
  <suite started-at="2025-05-03T10:01:45 IST" name="Suite" finished-at="2025-05-03T10:02:45 IST" duration-ms="60064">
    <groups>
    </groups>
    <test started-at="2025-05-03T10:01:45 IST" name="Test" finished-at="2025-05-03T10:02:45 IST" duration-ms="60064">
      <class name="Data.DataTyping">
        <test-method is-config="true" signature="getdata()[pri:0, instance:Data.DataTyping@6d763516]" started-at="2025-05-03T10:01:45 IST" name="getdata" finished-at="2025-05-03T10:01:45 IST" duration-ms="10" status="PASS">
          <reporter-output>
          </reporter-output>
        </test-method> <!-- getdata -->
        <test-method is-config="true" signature="setdata()[pri:0, instance:Data.DataTyping@6d763516]" started-at="2025-05-03T10:01:45 IST" name="setdata" finished-at="2025-05-03T10:01:52 IST" duration-ms="7160" status="PASS">
          <reporter-output>
          </reporter-output>
        </test-method> <!-- setdata -->
        <test-method signature="getTyping(java.lang.String,java.lang.String,java.lang.String)[pri:0, instance:Data.DataTyping@6d763516]" started-at="2025-05-03T10:01:52 IST" name="getTyping" description="To validate login" data-provider="Testdata" finished-at="2025-05-03T10:01:54 IST" duration-ms="2459" status="PASS">
          <params>
            <param index="0">
              <value>
                <![CDATA[reyaz0806]]>
              </value>
            </param>
            <param index="1">
              <value>
                <![CDATA[reyaz123]]>
              </value>
            </param>
            <param index="2">
              <value>
                <![CDATA[Adactin.com - Search Hotel]]>
              </value>
            </param>
          </params>
          <reporter-output>
          </reporter-output>
        </test-method> <!-- getTyping -->
        <test-method is-config="true" signature="ending()[pri:0, instance:Data.DataTyping@6d763516]" started-at="2025-05-03T10:01:54 IST" name="ending" finished-at="2025-05-03T10:01:58 IST" duration-ms="3373" status="PASS">
          <reporter-output>
          </reporter-output>
        </test-method> <!-- ending -->
        <test-method is-config="true" signature="setdata()[pri:0, instance:Data.DataTyping@6d763516]" started-at="2025-05-03T10:01:58 IST" name="setdata" finished-at="2025-05-03T10:02:04 IST" duration-ms="6262" status="PASS">
          <reporter-output>
          </reporter-output>
        </test-method> <!-- setdata -->
        <test-method signature="getTyping(java.lang.String,java.lang.String,java.lang.String)[pri:0, instance:Data.DataTyping@6d763516]" started-at="2025-05-03T10:02:04 IST" name="getTyping" description="To validate login" data-provider="Testdata" finished-at="2025-05-03T10:02:07 IST" duration-ms="2844" status="PASS">
          <params>
            <param index="0">
              <value>
                <![CDATA[reyaz0306]]>
              </value>
            </param>
            <param index="1">
              <value>
                <![CDATA[reyaz123]]>
              </value>
            </param>
            <param index="2">
              <value>
                <![CDATA[Adactin.com - Hotel Reservation System]]>
              </value>
            </param>
          </params>
          <reporter-output>
          </reporter-output>
        </test-method> <!-- getTyping -->
        <test-method is-config="true" signature="ending()[pri:0, instance:Data.DataTyping@6d763516]" started-at="2025-05-03T10:02:07 IST" name="ending" finished-at="2025-05-03T10:02:10 IST" duration-ms="3344" status="PASS">
          <reporter-output>
          </reporter-output>
        </test-method> <!-- ending -->
        <test-method is-config="true" signature="setdata()[pri:0, instance:Data.DataTyping@6d763516]" started-at="2025-05-03T10:02:10 IST" name="setdata" finished-at="2025-05-03T10:02:14 IST" duration-ms="3986" status="PASS">
          <reporter-output>
          </reporter-output>
        </test-method> <!-- setdata -->
        <test-method signature="getTyping(java.lang.String,java.lang.String,java.lang.String)[pri:0, instance:Data.DataTyping@6d763516]" started-at="2025-05-03T10:02:14 IST" name="getTyping" description="To validate login" data-provider="Testdata" finished-at="2025-05-03T10:02:17 IST" duration-ms="2851" status="PASS">
          <params>
            <param index="0">
              <value>
                <![CDATA[reyaz0806]]>
              </value>
            </param>
            <param index="1">
              <value>
                <![CDATA[reyaz143]]>
              </value>
            </param>
            <param index="2">
              <value>
                <![CDATA[Adactin.com - Hotel Reservation System]]>
              </value>
            </param>
          </params>
          <reporter-output>
          </reporter-output>
        </test-method> <!-- getTyping -->
        <test-method is-config="true" signature="ending()[pri:0, instance:Data.DataTyping@6d763516]" started-at="2025-05-03T10:02:17 IST" name="ending" finished-at="2025-05-03T10:02:20 IST" duration-ms="3375" status="PASS">
          <reporter-output>
          </reporter-output>
        </test-method> <!-- ending -->
        <test-method is-config="true" signature="setdata()[pri:0, instance:Data.DataTyping@6d763516]" started-at="2025-05-03T10:02:20 IST" name="setdata" finished-at="2025-05-03T10:02:24 IST" duration-ms="3616" status="PASS">
          <reporter-output>
          </reporter-output>
        </test-method> <!-- setdata -->
        <test-method signature="getTyping(java.lang.String,java.lang.String,java.lang.String)[pri:0, instance:Data.DataTyping@6d763516]" started-at="2025-05-03T10:02:24 IST" name="getTyping" description="To validate login" data-provider="Testdata" finished-at="2025-05-03T10:02:27 IST" duration-ms="2707" status="PASS">
          <params>
            <param index="0">
              <value>
                <![CDATA[reyaz0306]]>
              </value>
            </param>
            <param index="1">
              <value>
                <![CDATA[reyaz143]]>
              </value>
            </param>
            <param index="2">
              <value>
                <![CDATA[Adactin.com - Hotel Reservation System]]>
              </value>
            </param>
          </params>
          <reporter-output>
          </reporter-output>
        </test-method> <!-- getTyping -->
        <test-method is-config="true" signature="ending()[pri:0, instance:Data.DataTyping@6d763516]" started-at="2025-05-03T10:02:27 IST" name="ending" finished-at="2025-05-03T10:02:30 IST" duration-ms="3329" status="PASS">
          <reporter-output>
          </reporter-output>
        </test-method> <!-- ending -->
      </class> <!-- Data.DataTyping -->
      <class name="Data.DataTypingExcel">
        <test-method is-config="true" signature="setdata()[pri:0, instance:Data.DataTypingExcel@6c64cb25]" started-at="2025-05-03T10:02:31 IST" name="setdata" finished-at="2025-05-03T10:02:35 IST" duration-ms="3957" status="PASS">
          <reporter-output>
          </reporter-output>
        </test-method> <!-- setdata -->
        <test-method signature="getTyping(java.util.HashMap)[pri:0, instance:Data.DataTypingExcel@6c64cb25]" started-at="2025-05-03T10:02:35 IST" name="getTyping" description="To validate login" data-provider="Testdata" finished-at="2025-05-03T10:02:40 IST" duration-ms="4791" status="PASS">
          <params>
            <param index="0">
              <value>
                <![CDATA[{password=reyaz123, ExpTitle=Adactin.com - Search Hotel, username=reyaz0806}]]>
              </value>
            </param>
          </params>
          <reporter-output>
          </reporter-output>
        </test-method> <!-- getTyping -->
        <test-method is-config="true" signature="ending()[pri:0, instance:Data.DataTypingExcel@6c64cb25]" started-at="2025-05-03T10:02:40 IST" name="ending" finished-at="2025-05-03T10:02:45 IST" duration-ms="4868" status="PASS">
          <reporter-output>
          </reporter-output>
        </test-method> <!-- ending -->
      </class> <!-- Data.DataTypingExcel -->
    </test> <!-- Test -->
  </suite> <!-- Suite -->
</testng-results>
