<?xml version="1.0" encoding="UTF-8"?>
<testng-results ignored="0" total="4" passed="4" failed="0" skipped="0">
  <reporter-output>
  </reporter-output>
  <suite started-at="2025-04-29T09:03:07 IST" name="Default suite" finished-at="2025-04-29T09:03:48 IST" duration-ms="40930">
    <groups>
    </groups>
    <test started-at="2025-04-29T09:03:07 IST" name="Default test" finished-at="2025-04-29T09:03:48 IST" duration-ms="40930">
      <class name="Data.DataTyping">
        <test-method is-config="true" signature="getdata()[pri:0, instance:Data.DataTyping@2d1ef81a]" started-at="2025-04-29T09:03:07 IST" name="getdata" finished-at="2025-04-29T09:03:07 IST" duration-ms="23" status="PASS">
          <reporter-output>
          </reporter-output>
        </test-method> <!-- getdata -->
        <test-method is-config="true" signature="setdata()[pri:0, instance:Data.DataTyping@2d1ef81a]" started-at="2025-04-29T09:03:07 IST" name="setdata" finished-at="2025-04-29T09:03:14 IST" duration-ms="7119" status="PASS">
          <reporter-output>
          </reporter-output>
        </test-method> <!-- setdata -->
        <test-method signature="getTyping(java.lang.String,java.lang.String,java.lang.String)[pri:0, instance:Data.DataTyping@2d1ef81a]" started-at="2025-04-29T09:03:14 IST" name="getTyping" description="To validate login" data-provider="Testdata" finished-at="2025-04-29T09:03:16 IST" duration-ms="2215" status="PASS">
          <params>
            <param index="0">
              <value>
                <![CDATA[reyaz0806]]>
              </value>
            </param>
            <param index="1">
              <value>
                <![CDATA[reyaz123]]>
              </value>
            </param>
            <param index="2">
              <value>
                <![CDATA[Adactin.com - Search Hotel]]>
              </value>
            </param>
          </params>
          <reporter-output>
          </reporter-output>
        </test-method> <!-- getTyping -->
        <test-method is-config="true" signature="ending()[pri:0, instance:Data.DataTyping@2d1ef81a]" started-at="2025-04-29T09:03:16 IST" name="ending" finished-at="2025-04-29T09:03:19 IST" duration-ms="3284" status="PASS">
          <reporter-output>
          </reporter-output>
        </test-method> <!-- ending -->
        <test-method is-config="true" signature="setdata()[pri:0, instance:Data.DataTyping@2d1ef81a]" started-at="2025-04-29T09:03:19 IST" name="setdata" finished-at="2025-04-29T09:03:23 IST" duration-ms="3770" status="PASS">
          <reporter-output>
          </reporter-output>
        </test-method> <!-- setdata -->
        <test-method signature="getTyping(java.lang.String,java.lang.String,java.lang.String)[pri:0, instance:Data.DataTyping@2d1ef81a]" started-at="2025-04-29T09:03:23 IST" name="getTyping" description="To validate login" data-provider="Testdata" finished-at="2025-04-29T09:03:26 IST" duration-ms="2701" status="PASS">
          <params>
            <param index="0">
              <value>
                <![CDATA[reyaz0306]]>
              </value>
            </param>
            <param index="1">
              <value>
                <![CDATA[reyaz123]]>
              </value>
            </param>
            <param index="2">
              <value>
                <![CDATA[Adactin.com - Hotel Reservation System]]>
              </value>
            </param>
          </params>
          <reporter-output>
          </reporter-output>
        </test-method> <!-- getTyping -->
        <test-method is-config="true" signature="ending()[pri:0, instance:Data.DataTyping@2d1ef81a]" started-at="2025-04-29T09:03:26 IST" name="ending" finished-at="2025-04-29T09:03:29 IST" duration-ms="3283" status="PASS">
          <reporter-output>
          </reporter-output>
        </test-method> <!-- ending -->
        <test-method is-config="true" signature="setdata()[pri:0, instance:Data.DataTyping@2d1ef81a]" started-at="2025-04-29T09:03:29 IST" name="setdata" finished-at="2025-04-29T09:03:33 IST" duration-ms="3773" status="PASS">
          <reporter-output>
          </reporter-output>
        </test-method> <!-- setdata -->
        <test-method signature="getTyping(java.lang.String,java.lang.String,java.lang.String)[pri:0, instance:Data.DataTyping@2d1ef81a]" started-at="2025-04-29T09:03:33 IST" name="getTyping" description="To validate login" data-provider="Testdata" finished-at="2025-04-29T09:03:35 IST" duration-ms="2237" status="PASS">
          <params>
            <param index="0">
              <value>
                <![CDATA[reyaz0806]]>
              </value>
            </param>
            <param index="1">
              <value>
                <![CDATA[reyaz143]]>
              </value>
            </param>
            <param index="2">
              <value>
                <![CDATA[Adactin.com - Hotel Reservation System]]>
              </value>
            </param>
          </params>
          <reporter-output>
          </reporter-output>
        </test-method> <!-- getTyping -->
        <test-method is-config="true" signature="ending()[pri:0, instance:Data.DataTyping@2d1ef81a]" started-at="2025-04-29T09:03:35 IST" name="ending" finished-at="2025-04-29T09:03:38 IST" duration-ms="3279" status="PASS">
          <reporter-output>
          </reporter-output>
        </test-method> <!-- ending -->
        <test-method is-config="true" signature="setdata()[pri:0, instance:Data.DataTyping@2d1ef81a]" started-at="2025-04-29T09:03:38 IST" name="setdata" finished-at="2025-04-29T09:03:42 IST" duration-ms="3626" status="PASS">
          <reporter-output>
          </reporter-output>
        </test-method> <!-- setdata -->
        <test-method signature="getTyping(java.lang.String,java.lang.String,java.lang.String)[pri:0, instance:Data.DataTyping@2d1ef81a]" started-at="2025-04-29T09:03:42 IST" name="getTyping" description="To validate login" data-provider="Testdata" finished-at="2025-04-29T09:03:44 IST" duration-ms="2290" status="PASS">
          <params>
            <param index="0">
              <value>
                <![CDATA[reyaz0306]]>
              </value>
            </param>
            <param index="1">
              <value>
                <![CDATA[reyaz143]]>
              </value>
            </param>
            <param index="2">
              <value>
                <![CDATA[Adactin.com - Hotel Reservation System]]>
              </value>
            </param>
          </params>
          <reporter-output>
          </reporter-output>
        </test-method> <!-- getTyping -->
        <test-method is-config="true" signature="ending()[pri:0, instance:Data.DataTyping@2d1ef81a]" started-at="2025-04-29T09:03:44 IST" name="ending" finished-at="2025-04-29T09:03:48 IST" duration-ms="3271" status="PASS">
          <reporter-output>
          </reporter-output>
        </test-method> <!-- ending -->
      </class> <!-- Data.DataTyping -->
    </test> <!-- Default test -->
  </suite> <!-- Default suite -->
</testng-results>
