<?xml version="1.0" encoding="UTF-8"?>
<testng-results ignored="0" total="4" passed="4" failed="0" skipped="0">
  <reporter-output>
  </reporter-output>
  <suite started-at="2025-05-02T17:16:10 IST" name="Default suite" finished-at="2025-05-02T17:16:52 IST" duration-ms="41339">
    <groups>
    </groups>
    <test started-at="2025-05-02T17:16:10 IST" name="Default test" finished-at="2025-05-02T17:16:52 IST" duration-ms="41339">
      <class name="Data.DataTyping">
        <test-method is-config="true" signature="getdata()[pri:0, instance:Data.DataTyping@2d1ef81a]" started-at="2025-05-02T17:16:10 IST" name="getdata" finished-at="2025-05-02T17:16:10 IST" duration-ms="11" status="PASS">
          <reporter-output>
          </reporter-output>
        </test-method> <!-- getdata -->
        <test-method is-config="true" signature="setdata()[pri:0, instance:Data.DataTyping@2d1ef81a]" started-at="2025-05-02T17:16:10 IST" name="setdata" finished-at="2025-05-02T17:16:18 IST" duration-ms="7418" status="PASS">
          <reporter-output>
          </reporter-output>
        </test-method> <!-- setdata -->
        <test-method signature="getTyping(java.lang.String,java.lang.String,java.lang.String)[pri:0, instance:Data.DataTyping@2d1ef81a]" started-at="2025-05-02T17:16:18 IST" name="getTyping" description="To validate login" data-provider="Testdata" finished-at="2025-05-02T17:16:20 IST" duration-ms="2243" status="PASS">
          <params>
            <param index="0">
              <value>
                <![CDATA[reyaz0806]]>
              </value>
            </param>
            <param index="1">
              <value>
                <![CDATA[reyaz123]]>
              </value>
            </param>
            <param index="2">
              <value>
                <![CDATA[Adactin.com - Search Hotel]]>
              </value>
            </param>
          </params>
          <reporter-output>
          </reporter-output>
        </test-method> <!-- getTyping -->
        <test-method is-config="true" signature="ending()[pri:0, instance:Data.DataTyping@2d1ef81a]" started-at="2025-05-02T17:16:20 IST" name="ending" finished-at="2025-05-02T17:16:23 IST" duration-ms="3321" status="PASS">
          <reporter-output>
          </reporter-output>
        </test-method> <!-- ending -->
        <test-method is-config="true" signature="setdata()[pri:0, instance:Data.DataTyping@2d1ef81a]" started-at="2025-05-02T17:16:23 IST" name="setdata" finished-at="2025-05-02T17:16:27 IST" duration-ms="3529" status="PASS">
          <reporter-output>
          </reporter-output>
        </test-method> <!-- setdata -->
        <test-method signature="getTyping(java.lang.String,java.lang.String,java.lang.String)[pri:0, instance:Data.DataTyping@2d1ef81a]" started-at="2025-05-02T17:16:27 IST" name="getTyping" description="To validate login" data-provider="Testdata" finished-at="2025-05-02T17:16:29 IST" duration-ms="2676" status="PASS">
          <params>
            <param index="0">
              <value>
                <![CDATA[reyaz0306]]>
              </value>
            </param>
            <param index="1">
              <value>
                <![CDATA[reyaz123]]>
              </value>
            </param>
            <param index="2">
              <value>
                <![CDATA[Adactin.com - Hotel Reservation System]]>
              </value>
            </param>
          </params>
          <reporter-output>
          </reporter-output>
        </test-method> <!-- getTyping -->
        <test-method is-config="true" signature="ending()[pri:0, instance:Data.DataTyping@2d1ef81a]" started-at="2025-05-02T17:16:29 IST" name="ending" finished-at="2025-05-02T17:16:33 IST" duration-ms="3313" status="PASS">
          <reporter-output>
          </reporter-output>
        </test-method> <!-- ending -->
        <test-method is-config="true" signature="setdata()[pri:0, instance:Data.DataTyping@2d1ef81a]" started-at="2025-05-02T17:16:33 IST" name="setdata" finished-at="2025-05-02T17:16:36 IST" duration-ms="3587" status="PASS">
          <reporter-output>
          </reporter-output>
        </test-method> <!-- setdata -->
        <test-method signature="getTyping(java.lang.String,java.lang.String,java.lang.String)[pri:0, instance:Data.DataTyping@2d1ef81a]" started-at="2025-05-02T17:16:36 IST" name="getTyping" description="To validate login" data-provider="Testdata" finished-at="2025-05-02T17:16:39 IST" duration-ms="2685" status="PASS">
          <params>
            <param index="0">
              <value>
                <![CDATA[reyaz0806]]>
              </value>
            </param>
            <param index="1">
              <value>
                <![CDATA[reyaz143]]>
              </value>
            </param>
            <param index="2">
              <value>
                <![CDATA[Adactin.com - Hotel Reservation System]]>
              </value>
            </param>
          </params>
          <reporter-output>
          </reporter-output>
        </test-method> <!-- getTyping -->
        <test-method is-config="true" signature="ending()[pri:0, instance:Data.DataTyping@2d1ef81a]" started-at="2025-05-02T17:16:39 IST" name="ending" finished-at="2025-05-02T17:16:42 IST" duration-ms="3273" status="PASS">
          <reporter-output>
          </reporter-output>
        </test-method> <!-- ending -->
        <test-method is-config="true" signature="setdata()[pri:0, instance:Data.DataTyping@2d1ef81a]" started-at="2025-05-02T17:16:42 IST" name="setdata" finished-at="2025-05-02T17:16:46 IST" duration-ms="3702" status="PASS">
          <reporter-output>
          </reporter-output>
        </test-method> <!-- setdata -->
        <test-method signature="getTyping(java.lang.String,java.lang.String,java.lang.String)[pri:0, instance:Data.DataTyping@2d1ef81a]" started-at="2025-05-02T17:16:46 IST" name="getTyping" description="To validate login" data-provider="Testdata" finished-at="2025-05-02T17:16:48 IST" duration-ms="2245" status="PASS">
          <params>
            <param index="0">
              <value>
                <![CDATA[reyaz0306]]>
              </value>
            </param>
            <param index="1">
              <value>
                <![CDATA[reyaz143]]>
              </value>
            </param>
            <param index="2">
              <value>
                <![CDATA[Adactin.com - Hotel Reservation System]]>
              </value>
            </param>
          </params>
          <reporter-output>
          </reporter-output>
        </test-method> <!-- getTyping -->
        <test-method is-config="true" signature="ending()[pri:0, instance:Data.DataTyping@2d1ef81a]" started-at="2025-05-02T17:16:48 IST" name="ending" finished-at="2025-05-02T17:16:52 IST" duration-ms="3251" status="PASS">
          <reporter-output>
          </reporter-output>
        </test-method> <!-- ending -->
      </class> <!-- Data.DataTyping -->
    </test> <!-- Default test -->
  </suite> <!-- Default suite -->
</testng-results>
