<?xml version="1.0" encoding="UTF-8"?>
<!-- Generated by org.testng.reporters.JUnitReportReporter -->
<testsuite hostname="Mahe" failures="0" tests="4" name="Data.DataTyping" time="40.848" errors="0" timestamp="2025-04-29T09:03:48 IST" skipped="0">
  <testcase classname="Data.DataTyping" name="getTyping" time="9.347"/>
  <testcase classname="Data.DataTyping" name="getTyping" time="12.617"/>
  <testcase classname="Data.DataTyping" name="getTyping" time="9.134"/>
  <testcase classname="Data.DataTyping" name="getTyping" time="9.750"/>
</testsuite> <!-- Data.DataTyping -->
