<?xml version="1.0" encoding="UTF-8"?>
<!-- Generated by org.testng.reporters.JUnitReportReporter -->
<testsuite hostname="Mahe" failures="0" tests="4" name="Data.DataTyping" time="41.243" errors="0" timestamp="2025-05-02T17:16:52 IST" skipped="0">
  <testcase classname="Data.DataTyping" name="getTyping" time="9.153"/>
  <testcase classname="Data.DataTyping" name="getTyping" time="12.974"/>
  <testcase classname="Data.DataTyping" name="getTyping" time="9.638"/>
  <testcase classname="Data.DataTyping" name="getTyping" time="9.478"/>
</testsuite> <!-- Data.DataTyping -->
