<?xml version="1.0" encoding="UTF-8"?>
<!-- Generated by org.testng.reporters.JUnitReportReporter -->
<testsuite hostname="Mahe" failures="0" tests="4" name="Data.DataTyping" time="45.306" errors="0" timestamp="2025-05-03T10:02:45 IST" skipped="0">
  <testcase classname="Data.DataTyping" name="getTyping" time="12.994"/>
  <testcase classname="Data.DataTyping" name="getTyping" time="9.840"/>
  <testcase classname="Data.DataTyping" name="getTyping" time="12.313"/>
  <testcase classname="Data.DataTyping" name="getTyping" time="10.159"/>
</testsuite> <!-- Data.DataTyping -->
